dist/cordova/android/logs/manifest-merger-release-report.txt
-- Merging decision tree log ---
provider#org.apache.cordova.camera.FileProvider
INJECTED from src\main\AndroidManifest.xml:36:5-38:16
	android:grantUriPermissions
		ADDED from src\main\AndroidManifest.xml:36:88-122
	android:authorities
		INJECTED from src\main\AndroidManifest.xml
		ADDED from src\main\AndroidManifest.xml:36:15-62
	android:exported
		ADDED from src\main\AndroidManifest.xml:36:63-87
	android:name
		ADDED from src\main\AndroidManifest.xml:36:123-176
provider#io.github.pwlin.cordova.plugins.fileopener2.FileProvider
INJECTED from src\main\AndroidManifest.xml:39:5-41:16
	android:grantUriPermissions
		ADDED from src\main\AndroidManifest.xml:39:95-129
	android:authorities
		INJECTED from src\main\AndroidManifest.xml
		ADDED from src\main\AndroidManifest.xml:39:15-69
	android:exported
		ADDED from src\main\AndroidManifest.xml:39:70-94
	android:name
		ADDED from src\main\AndroidManifest.xml:39:130-201
provider#nl.xservices.plugins.FileProvider
INJECTED from src\main\AndroidManifest.xml:42:5-44:16
	android:grantUriPermissions
		ADDED from src\main\AndroidManifest.xml:42:96-130
	android:authorities
		INJECTED from src\main\AndroidManifest.xml
		ADDED from src\main\AndroidManifest.xml:42:15-70
	android:exported
		ADDED from src\main\AndroidManifest.xml:42:71-95
	android:name
		ADDED from src\main\AndroidManifest.xml:42:131-179
manifest
ADDED from src\main\AndroidManifest.xml:2:1-59:12
INJECTED from src\main\AndroidManifest.xml:2:1-59:12
INJECTED from src\main\AndroidManifest.xml:2:1-59:12
INJECTED from src\main\AndroidManifest.xml:2:1-59:12
MERGED from [com.journeyapps:zxing-android-embedded:3.3.0] AndroidManifest.xml:17:1-55:12
MERGED from [com.facebook.android:facebook-android-sdk:4.25.0] AndroidManifest.xml:21:1-50:12
MERGED from [androidx.appcompat:appcompat:1.0.0] AndroidManifest.xml:17:1-22:12
MERGED from [:CordovaLib] AndroidManifest.xml:20:1-27:12
MERGED from [androidx.legacy:legacy-support-v4:1.0.0] AndroidManifest.xml:17:1-22:12
MERGED from [androidx.exifinterface:exifinterface:1.2.0] AndroidManifest.xml:17:1-24:12
MERGED from [androidx.fragment:fragment:1.0.0] AndroidManifest.xml:17:1-22:12
MERGED from [androidx.vectordrawable:vectordrawable-animated:1.0.0] AndroidManifest.xml:17:1-22:12
MERGED from [androidx.browser:browser:1.0.0] AndroidManifest.xml:17:1-22:12
MERGED from [androidx.legacy:legacy-support-core-ui:1.0.0] AndroidManifest.xml:17:1-22:12
MERGED from [androidx.legacy:legacy-support-core-utils:1.0.0] AndroidManifest.xml:17:1-22:12
MERGED from [androidx.vectordrawable:vectordrawable:1.0.0] AndroidManifest.xml:17:1-22:12
MERGED from [androidx.media:media:1.0.0] AndroidManifest.xml:17:1-22:12
MERGED from [androidx.loader:loader:1.0.0] AndroidManifest.xml:17:1-22:12
MERGED from [androidx.viewpager:viewpager:1.0.0] AndroidManifest.xml:17:1-22:12
MERGED from [androidx.coordinatorlayout:coordinatorlayout:1.0.0] AndroidManifest.xml:17:1-22:12
MERGED from [androidx.drawerlayout:drawerlayout:1.0.0] AndroidManifest.xml:17:1-22:12
MERGED from [androidx.slidingpanelayout:slidingpanelayout:1.0.0] AndroidManifest.xml:17:1-22:12
MERGED from [androidx.customview:customview:1.0.0] AndroidManifest.xml:17:1-22:12
MERGED from [androidx.swiperefreshlayout:swiperefreshlayout:1.0.0] AndroidManifest.xml:17:1-22:12
MERGED from [androidx.asynclayoutinflater:asynclayoutinflater:1.0.0] AndroidManifest.xml:17:1-22:12
MERGED from [androidx.core:core:1.0.0] AndroidManifest.xml:17:1-24:12
MERGED from [androidx.versionedparcelable:versionedparcelable:1.0.0] AndroidManifest.xml:17:1-25:12
MERGED from [androidx.cursoradapter:cursoradapter:1.0.0] AndroidManifest.xml:17:1-22:12
MERGED from [androidx.cardview:cardview:1.0.0] AndroidManifest.xml:17:1-22:12
MERGED from [androidx.lifecycle:lifecycle-runtime:2.0.0] AndroidManifest.xml:17:1-22:12
MERGED from [androidx.documentfile:documentfile:1.0.0] AndroidManifest.xml:17:1-22:12
MERGED from [androidx.localbroadcastmanager:localbroadcastmanager:1.0.0] AndroidManifest.xml:17:1-22:12
MERGED from [androidx.print:print:1.0.0] AndroidManifest.xml:17:1-22:12
MERGED from [androidx.lifecycle:lifecycle-viewmodel:2.0.0] AndroidManifest.xml:17:1-22:12
MERGED from [androidx.interpolator:interpolator:1.0.0] AndroidManifest.xml:17:1-22:12
MERGED from [androidx.lifecycle:lifecycle-livedata:2.0.0] AndroidManifest.xml:17:1-22:12
MERGED from [androidx.lifecycle:lifecycle-livedata-core:2.0.0] AndroidManifest.xml:17:1-22:12
MERGED from [androidx.arch.core:core-runtime:2.0.0] AndroidManifest.xml:17:1-22:12
MERGED from [com.android.billingclient:billing:5.2.1] AndroidManifest.xml:2:1-34:12
INJECTED from src\main\AndroidManifest.xml:2:1-59:12
INJECTED from src\main\AndroidManifest.xml:2:1-59:12
INJECTED from src\main\AndroidManifest.xml:2:1-59:12
	package
		ADDED from src\main\AndroidManifest.xml:2:103-123
		INJECTED from src\main\AndroidManifest.xml
		INJECTED from src\main\AndroidManifest.xml
	android:versionName
		ADDED from src\main\AndroidManifest.xml:2:74-102
		INJECTED from src\main\AndroidManifest.xml
		INJECTED from src\main\AndroidManifest.xml
	android:hardwareAccelerated
		ADDED from src\main\AndroidManifest.xml:2:11-45
	xmlns:android
		ADDED from src\main\AndroidManifest.xml:2:124-182
	android:versionCode
		ADDED from src\main\AndroidManifest.xml:2:46-73
		INJECTED from src\main\AndroidManifest.xml
		INJECTED from src\main\AndroidManifest.xml
supports-screens
ADDED from src\main\AndroidManifest.xml:3:3-188
	android:largeScreens
		ADDED from src\main\AndroidManifest.xml:3:47-74
	android:smallScreens
		ADDED from src\main\AndroidManifest.xml:3:130-157
	android:normalScreens
		ADDED from src\main\AndroidManifest.xml:3:75-103
	android:xlargeScreens
		ADDED from src\main\AndroidManifest.xml:3:158-186
	android:resizeable
		ADDED from src\main\AndroidManifest.xml:3:104-129
	android:anyDensity
		ADDED from src\main\AndroidManifest.xml:3:21-46
uses-permission#android.permission.INTERNET
ADDED from src\main\AndroidManifest.xml:4:3-64
	android:name
		ADDED from src\main\AndroidManifest.xml:4:20-62
uses-permission#android.permission.WRITE_EXTERNAL_STORAGE
ADDED from src\main\AndroidManifest.xml:5:3-78
	android:name
		ADDED from src\main\AndroidManifest.xml:5:20-76
uses-permission#android.permission.ACCESS_COARSE_LOCATION
ADDED from src\main\AndroidManifest.xml:6:3-78
	android:name
		ADDED from src\main\AndroidManifest.xml:6:20-76
uses-permission#android.permission.BLUETOOTH
ADDED from src\main\AndroidManifest.xml:7:3-65
	android:name
		ADDED from src\main\AndroidManifest.xml:7:20-63
uses-permission#android.permission.BLUETOOTH_ADMIN
ADDED from src\main\AndroidManifest.xml:8:3-71
	android:name
		ADDED from src\main\AndroidManifest.xml:8:20-69
uses-permission#android.permission.CAMERA
ADDED from src\main\AndroidManifest.xml:9:3-62
MERGED from [com.journeyapps:zxing-android-embedded:3.3.0] AndroidManifest.xml:21:5-65
MERGED from [com.journeyapps:zxing-android-embedded:3.3.0] AndroidManifest.xml:21:5-65
	android:name
		ADDED from src\main\AndroidManifest.xml:9:20-60
uses-permission#android.permission.READ_CONTACTS
ADDED from src\main\AndroidManifest.xml:10:3-69
	android:name
		ADDED from src\main\AndroidManifest.xml:10:20-67
uses-permission#android.permission.WRITE_CONTACTS
ADDED from src\main\AndroidManifest.xml:11:3-70
	android:name
		ADDED from src\main\AndroidManifest.xml:11:20-68
uses-permission#android.permission.GET_ACCOUNTS
ADDED from src\main\AndroidManifest.xml:12:3-68
	android:name
		ADDED from src\main\AndroidManifest.xml:12:20-66
uses-permission#android.permission.READ_EXTERNAL_STORAGE
ADDED from src\main\AndroidManifest.xml:13:3-77
	android:name
		ADDED from src\main\AndroidManifest.xml:13:20-75
uses-permission#android.permission.ACCESS_FINE_LOCATION
ADDED from src\main\AndroidManifest.xml:14:3-76
	android:name
		ADDED from src\main\AndroidManifest.xml:14:20-74
uses-permission#android.permission.ACCESS_NETWORK_STATE
ADDED from src\main\AndroidManifest.xml:15:3-76
	android:name
		ADDED from src\main\AndroidManifest.xml:15:20-74
uses-permission#android.permission.CALL_PHONE
ADDED from src\main\AndroidManifest.xml:16:3-66
	android:name
		ADDED from src\main\AndroidManifest.xml:16:20-64
uses-permission#android.permission.READ_PHONE_STATE
ADDED from src\main\AndroidManifest.xml:17:3-72
	android:name
		ADDED from src\main\AndroidManifest.xml:17:20-70
uses-permission#android.permission.MODIFY_AUDIO_SETTINGS
ADDED from src\main\AndroidManifest.xml:18:3-77
	android:name
		ADDED from src\main\AndroidManifest.xml:18:20-75
uses-permission#android.permission.RECORD_AUDIO
ADDED from src\main\AndroidManifest.xml:19:3-68
	android:name
		ADDED from src\main\AndroidManifest.xml:19:20-66
uses-permission#com.android.vending.BILLING
ADDED from src\main\AndroidManifest.xml:20:3-64
MERGED from [com.android.billingclient:billing:5.2.1] AndroidManifest.xml:10:5-67
MERGED from [com.android.billingclient:billing:5.2.1] AndroidManifest.xml:10:5-67
	android:name
		ADDED from src\main\AndroidManifest.xml:20:20-62
application
ADDED from src\main\AndroidManifest.xml:21:3-53:17
MERGED from [com.journeyapps:zxing-android-embedded:3.3.0] AndroidManifest.xml:45:5-53:19
MERGED from [com.journeyapps:zxing-android-embedded:3.3.0] AndroidManifest.xml:45:5-53:19
MERGED from [com.facebook.android:facebook-android-sdk:4.25.0] AndroidManifest.xml:28:5-48:19
MERGED from [com.facebook.android:facebook-android-sdk:4.25.0] AndroidManifest.xml:28:5-48:19
MERGED from [androidx.core:core:1.0.0] AndroidManifest.xml:22:5-89
MERGED from [androidx.core:core:1.0.0] AndroidManifest.xml:22:5-89
MERGED from [androidx.versionedparcelable:versionedparcelable:1.0.0] AndroidManifest.xml:22:5-23:19
MERGED from [androidx.versionedparcelable:versionedparcelable:1.0.0] AndroidManifest.xml:22:5-23:19
MERGED from [com.android.billingclient:billing:5.2.1] AndroidManifest.xml:22:5-32:19
MERGED from [com.android.billingclient:billing:5.2.1] AndroidManifest.xml:22:5-32:19
	android:requestLegacyExternalStorage
		ADDED from src\main\AndroidManifest.xml:21:119-162
	android:appComponentFactory
		ADDED from [androidx.core:core:1.0.0] AndroidManifest.xml:22:18-86
	android:supportsRtl
		ADDED from src\main\AndroidManifest.xml:21:163-189
	android:label
		ADDED from src\main\AndroidManifest.xml:21:86-118
	android:hardwareAccelerated
		ADDED from src\main\AndroidManifest.xml:21:16-50
	android:icon
		ADDED from src\main\AndroidManifest.xml:21:51-85
	android:usesCleartextTraffic
		ADDED from src\main\AndroidManifest.xml:21:190-225
activity#graaly.app.MainActivity
ADDED from src\main\AndroidManifest.xml:22:5-33:16
	android:screenOrientation
		ADDED from src\main\AndroidManifest.xml:22:253-289
	android:label
		ADDED from src\main\AndroidManifest.xml:22:156-193
	android:launchMode
		ADDED from src\main\AndroidManifest.xml:22:194-224
	android:windowSoftInputMode
		ADDED from src\main\AndroidManifest.xml:22:353-395
	android:exported
		ADDED from src\main\AndroidManifest.xml:22:132-155
	android:configChanges
		ADDED from src\main\AndroidManifest.xml:22:15-131
	android:theme
		ADDED from src\main\AndroidManifest.xml:22:290-352
	android:name
		ADDED from src\main\AndroidManifest.xml:22:225-252
intent-filter#action:name:android.intent.action.MAIN+category:name:android.intent.category.LAUNCHER
ADDED from src\main\AndroidManifest.xml:23:7-26:23
	android:label
		ADDED from src\main\AndroidManifest.xml:23:22-59
action#android.intent.action.MAIN
ADDED from src\main\AndroidManifest.xml:24:9-60
	android:name
		ADDED from src\main\AndroidManifest.xml:24:17-58
category#android.intent.category.LAUNCHER
ADDED from src\main\AndroidManifest.xml:25:9-68
	android:name
		ADDED from src\main\AndroidManifest.xml:25:19-66
intent-filter#action:name:android.intent.action.VIEW+category:name:android.intent.category.BROWSABLE+category:name:android.intent.category.DEFAULT+data:host:app.graaly.com+data:scheme:https
ADDED from src\main\AndroidManifest.xml:27:7-32:23
	android:autoVerify
		ADDED from src\main\AndroidManifest.xml:27:22-47
action#android.intent.action.VIEW
ADDED from src\main\AndroidManifest.xml:28:9-60
	android:name
		ADDED from src\main\AndroidManifest.xml:28:17-58
category#android.intent.category.DEFAULT
ADDED from src\main\AndroidManifest.xml:29:9-67
	android:name
		ADDED from src\main\AndroidManifest.xml:29:19-65
category#android.intent.category.BROWSABLE
ADDED from src\main\AndroidManifest.xml:30:9-69
	android:name
		ADDED from src\main\AndroidManifest.xml:30:19-67
data
ADDED from src\main\AndroidManifest.xml:31:9-69
	android:host
		ADDED from src\main\AndroidManifest.xml:31:15-44
	android:scheme
		ADDED from src\main\AndroidManifest.xml:31:45-67
activity#com.facebook.FacebookActivity
ADDED from src\main\AndroidManifest.xml:34:5-206
MERGED from [com.facebook.android:facebook-android-sdk:4.25.0] AndroidManifest.xml:29:9-32:66
MERGED from [com.facebook.android:facebook-android-sdk:4.25.0] AndroidManifest.xml:29:9-32:66
	android:label
		ADDED from src\main\AndroidManifest.xml:34:124-159
	android:exported
		ADDED from src\main\AndroidManifest.xml:34:99-123
	android:configChanges
		ADDED from src\main\AndroidManifest.xml:34:15-98
	android:theme
		ADDED from [com.facebook.android:facebook-android-sdk:4.25.0] AndroidManifest.xml:32:13-63
	android:name
		ADDED from src\main\AndroidManifest.xml:34:160-204
activity#com.cordovaplugincamerapreview.CameraActivity
ADDED from src\main\AndroidManifest.xml:35:5-181
	android:screenOrientation
		ADDED from src\main\AndroidManifest.xml:35:101-137
	android:exported
		ADDED from src\main\AndroidManifest.xml:35:15-39
	android:theme
		ADDED from src\main\AndroidManifest.xml:35:138-179
	android:name
		ADDED from src\main\AndroidManifest.xml:35:40-100
meta-data#com.facebook.sdk.ApplicationId
ADDED from src\main\AndroidManifest.xml:45:5-97
	android:value
		ADDED from src\main\AndroidManifest.xml:45:62-95
	android:name
		ADDED from src\main\AndroidManifest.xml:45:16-61
meta-data#com.facebook.sdk.ApplicationName
ADDED from src\main\AndroidManifest.xml:46:5-101
	android:value
		ADDED from src\main\AndroidManifest.xml:46:64-99
	android:name
		ADDED from src\main\AndroidManifest.xml:46:16-63
meta-data#android.max_aspect
ADDED from src\main\AndroidManifest.xml:47:5-72
	android:value
		ADDED from src\main\AndroidManifest.xml:47:50-70
	android:name
		ADDED from src\main\AndroidManifest.xml:47:16-49
receiver#nl.xservices.plugins.ShareChooserPendingIntent
ADDED from src\main\AndroidManifest.xml:48:5-52:16
	android:enabled
		ADDED from src\main\AndroidManifest.xml:48:15-37
	android:exported
		ADDED from src\main\AndroidManifest.xml:48:38-61
	android:name
		ADDED from src\main\AndroidManifest.xml:48:62-123
intent-filter#action:name:android.intent.action.SEND
ADDED from src\main\AndroidManifest.xml:49:7-51:23
action#android.intent.action.SEND
ADDED from src\main\AndroidManifest.xml:50:9-60
	android:name
		ADDED from src\main\AndroidManifest.xml:50:17-58
uses-feature#android.hardware.camera
ADDED from src\main\AndroidManifest.xml:54:3-57
MERGED from [com.journeyapps:zxing-android-embedded:3.3.0] AndroidManifest.xml:24:5-26:36
MERGED from [com.journeyapps:zxing-android-embedded:3.3.0] AndroidManifest.xml:24:5-26:36
	android:name
		ADDED from src\main\AndroidManifest.xml:54:17-55
uses-feature#android.hardware.camera.autofocus
ADDED from src\main\AndroidManifest.xml:55:3-92
MERGED from [com.journeyapps:zxing-android-embedded:3.3.0] AndroidManifest.xml:32:5-34:36
MERGED from [com.journeyapps:zxing-android-embedded:3.3.0] AndroidManifest.xml:32:5-34:36
	android:required
		ADDED from src\main\AndroidManifest.xml:55:66-90
	android:name
		ADDED from src\main\AndroidManifest.xml:55:17-65
uses-feature#android.hardware.location.gps
ADDED from src\main\AndroidManifest.xml:56:3-63
	android:name
		ADDED from src\main\AndroidManifest.xml:56:17-61
uses-feature#android.hardware.telephony
ADDED from src\main\AndroidManifest.xml:57:3-85
	android:required
		ADDED from src\main\AndroidManifest.xml:57:59-83
	android:name
		ADDED from src\main\AndroidManifest.xml:57:17-58
uses-feature#android.hardware.camera.front
ADDED from src\main\AndroidManifest.xml:58:3-63
MERGED from [com.journeyapps:zxing-android-embedded:3.3.0] AndroidManifest.xml:27:5-29:36
MERGED from [com.journeyapps:zxing-android-embedded:3.3.0] AndroidManifest.xml:27:5-29:36
	android:name
		ADDED from src\main\AndroidManifest.xml:58:17-61
uses-sdk
INJECTED from src\main\AndroidManifest.xml reason: use-sdk injection requested
INJECTED from src\main\AndroidManifest.xml
INJECTED from src\main\AndroidManifest.xml
MERGED from [com.journeyapps:zxing-android-embedded:3.3.0] AndroidManifest.xml:19:5-43
MERGED from [com.journeyapps:zxing-android-embedded:3.3.0] AndroidManifest.xml:19:5-43
MERGED from [com.facebook.android:facebook-android-sdk:4.25.0] AndroidManifest.xml:24:5-26:41
MERGED from [com.facebook.android:facebook-android-sdk:4.25.0] AndroidManifest.xml:24:5-26:41
MERGED from [androidx.appcompat:appcompat:1.0.0] AndroidManifest.xml:20:5-44
MERGED from [androidx.appcompat:appcompat:1.0.0] AndroidManifest.xml:20:5-44
MERGED from [:CordovaLib] AndroidManifest.xml:25:5-44
MERGED from [:CordovaLib] AndroidManifest.xml:25:5-44
MERGED from [androidx.legacy:legacy-support-v4:1.0.0] AndroidManifest.xml:20:5-44
MERGED from [androidx.legacy:legacy-support-v4:1.0.0] AndroidManifest.xml:20:5-44
MERGED from [androidx.exifinterface:exifinterface:1.2.0] AndroidManifest.xml:20:5-22:41
MERGED from [androidx.exifinterface:exifinterface:1.2.0] AndroidManifest.xml:20:5-22:41
MERGED from [androidx.fragment:fragment:1.0.0] AndroidManifest.xml:20:5-44
MERGED from [androidx.fragment:fragment:1.0.0] AndroidManifest.xml:20:5-44
MERGED from [androidx.vectordrawable:vectordrawable-animated:1.0.0] AndroidManifest.xml:20:5-44
MERGED from [androidx.vectordrawable:vectordrawable-animated:1.0.0] AndroidManifest.xml:20:5-44
MERGED from [androidx.browser:browser:1.0.0] AndroidManifest.xml:20:5-44
MERGED from [androidx.browser:browser:1.0.0] AndroidManifest.xml:20:5-44
MERGED from [androidx.legacy:legacy-support-core-ui:1.0.0] AndroidManifest.xml:20:5-44
MERGED from [androidx.legacy:legacy-support-core-ui:1.0.0] AndroidManifest.xml:20:5-44
MERGED from [androidx.legacy:legacy-support-core-utils:1.0.0] AndroidManifest.xml:20:5-44
MERGED from [androidx.legacy:legacy-support-core-utils:1.0.0] AndroidManifest.xml:20:5-44
MERGED from [androidx.vectordrawable:vectordrawable:1.0.0] AndroidManifest.xml:20:5-44
MERGED from [androidx.vectordrawable:vectordrawable:1.0.0] AndroidManifest.xml:20:5-44
MERGED from [androidx.media:media:1.0.0] AndroidManifest.xml:20:5-44
MERGED from [androidx.media:media:1.0.0] AndroidManifest.xml:20:5-44
MERGED from [androidx.loader:loader:1.0.0] AndroidManifest.xml:20:5-44
MERGED from [androidx.loader:loader:1.0.0] AndroidManifest.xml:20:5-44
MERGED from [androidx.viewpager:viewpager:1.0.0] AndroidManifest.xml:20:5-44
MERGED from [androidx.viewpager:viewpager:1.0.0] AndroidManifest.xml:20:5-44
MERGED from [androidx.coordinatorlayout:coordinatorlayout:1.0.0] AndroidManifest.xml:20:5-44
MERGED from [androidx.coordinatorlayout:coordinatorlayout:1.0.0] AndroidManifest.xml:20:5-44
MERGED from [androidx.drawerlayout:drawerlayout:1.0.0] AndroidManifest.xml:20:5-44
MERGED from [androidx.drawerlayout:drawerlayout:1.0.0] AndroidManifest.xml:20:5-44
MERGED from [androidx.slidingpanelayout:slidingpanelayout:1.0.0] AndroidManifest.xml:20:5-44
MERGED from [androidx.slidingpanelayout:slidingpanelayout:1.0.0] AndroidManifest.xml:20:5-44
MERGED from [androidx.customview:customview:1.0.0] AndroidManifest.xml:20:5-44
MERGED from [androidx.customview:customview:1.0.0] AndroidManifest.xml:20:5-44
MERGED from [androidx.swiperefreshlayout:swiperefreshlayout:1.0.0] AndroidManifest.xml:20:5-44
MERGED from [androidx.swiperefreshlayout:swiperefreshlayout:1.0.0] AndroidManifest.xml:20:5-44
MERGED from [androidx.asynclayoutinflater:asynclayoutinflater:1.0.0] AndroidManifest.xml:20:5-44
MERGED from [androidx.asynclayoutinflater:asynclayoutinflater:1.0.0] AndroidManifest.xml:20:5-44
MERGED from [androidx.core:core:1.0.0] AndroidManifest.xml:20:5-44
MERGED from [androidx.core:core:1.0.0] AndroidManifest.xml:20:5-44
MERGED from [androidx.versionedparcelable:versionedparcelable:1.0.0] AndroidManifest.xml:20:5-44
MERGED from [androidx.versionedparcelable:versionedparcelable:1.0.0] AndroidManifest.xml:20:5-44
MERGED from [androidx.cursoradapter:cursoradapter:1.0.0] AndroidManifest.xml:20:5-44
MERGED from [androidx.cursoradapter:cursoradapter:1.0.0] AndroidManifest.xml:20:5-44
MERGED from [androidx.cardview:cardview:1.0.0] AndroidManifest.xml:20:5-44
MERGED from [androidx.cardview:cardview:1.0.0] AndroidManifest.xml:20:5-44
MERGED from [androidx.lifecycle:lifecycle-runtime:2.0.0] AndroidManifest.xml:20:5-44
MERGED from [androidx.lifecycle:lifecycle-runtime:2.0.0] AndroidManifest.xml:20:5-44
MERGED from [androidx.documentfile:documentfile:1.0.0] AndroidManifest.xml:20:5-44
MERGED from [androidx.documentfile:documentfile:1.0.0] AndroidManifest.xml:20:5-44
MERGED from [androidx.localbroadcastmanager:localbroadcastmanager:1.0.0] AndroidManifest.xml:20:5-44
MERGED from [androidx.localbroadcastmanager:localbroadcastmanager:1.0.0] AndroidManifest.xml:20:5-44
MERGED from [androidx.print:print:1.0.0] AndroidManifest.xml:20:5-44
MERGED from [androidx.print:print:1.0.0] AndroidManifest.xml:20:5-44
MERGED from [androidx.lifecycle:lifecycle-viewmodel:2.0.0] AndroidManifest.xml:20:5-44
MERGED from [androidx.lifecycle:lifecycle-viewmodel:2.0.0] AndroidManifest.xml:20:5-44
MERGED from [androidx.interpolator:interpolator:1.0.0] AndroidManifest.xml:20:5-44
MERGED from [androidx.interpolator:interpolator:1.0.0] AndroidManifest.xml:20:5-44
MERGED from [androidx.lifecycle:lifecycle-livedata:2.0.0] AndroidManifest.xml:20:5-44
MERGED from [androidx.lifecycle:lifecycle-livedata:2.0.0] AndroidManifest.xml:20:5-44
MERGED from [androidx.lifecycle:lifecycle-livedata-core:2.0.0] AndroidManifest.xml:20:5-44
MERGED from [androidx.lifecycle:lifecycle-livedata-core:2.0.0] AndroidManifest.xml:20:5-44
MERGED from [androidx.arch.core:core-runtime:2.0.0] AndroidManifest.xml:20:5-44
MERGED from [androidx.arch.core:core-runtime:2.0.0] AndroidManifest.xml:20:5-44
MERGED from [com.android.billingclient:billing:5.2.1] AndroidManifest.xml:6:5-8:41
MERGED from [com.android.billingclient:billing:5.2.1] AndroidManifest.xml:6:5-8:41
INJECTED from src\main\AndroidManifest.xml
INJECTED from src\main\AndroidManifest.xml
	android:targetSdkVersion
		INJECTED from src\main\AndroidManifest.xml
		ADDED from src\main\AndroidManifest.xml
		INJECTED from src\main\AndroidManifest.xml
	android:minSdkVersion
		INJECTED from src\main\AndroidManifest.xml
		ADDED from src\main\AndroidManifest.xml
		INJECTED from src\main\AndroidManifest.xml
meta-data#android.support.FILE_PROVIDER_PATHS
ADDED from src\main\AndroidManifest.xml:37:7-116
	android:resource
		ADDED from src\main\AndroidManifest.xml:37:69-114
	android:name
		ADDED from src\main\AndroidManifest.xml:37:18-68
uses-feature#android.hardware.camera.flash
ADDED from [com.journeyapps:zxing-android-embedded:3.3.0] AndroidManifest.xml:35:5-37:36
	android:required
		ADDED from [com.journeyapps:zxing-android-embedded:3.3.0] AndroidManifest.xml:37:9-33
	android:name
		ADDED from [com.journeyapps:zxing-android-embedded:3.3.0] AndroidManifest.xml:36:9-53
uses-feature#android.hardware.screen.landscape
ADDED from [com.journeyapps:zxing-android-embedded:3.3.0] AndroidManifest.xml:38:5-40:36
	android:required
		ADDED from [com.journeyapps:zxing-android-embedded:3.3.0] AndroidManifest.xml:40:9-33
	android:name
		ADDED from [com.journeyapps:zxing-android-embedded:3.3.0] AndroidManifest.xml:39:9-57
uses-feature#android.hardware.wifi
ADDED from [com.journeyapps:zxing-android-embedded:3.3.0] AndroidManifest.xml:41:5-43:36
	android:required
		ADDED from [com.journeyapps:zxing-android-embedded:3.3.0] AndroidManifest.xml:43:9-33
	android:name
		ADDED from [com.journeyapps:zxing-android-embedded:3.3.0] AndroidManifest.xml:42:9-45
activity#com.journeyapps.barcodescanner.CaptureActivity
ADDED from [com.journeyapps:zxing-android-embedded:3.3.0] AndroidManifest.xml:46:9-52:63
	android:screenOrientation
		ADDED from [com.journeyapps:zxing-android-embedded:3.3.0] AndroidManifest.xml:49:13-56
	android:clearTaskOnLaunch
		ADDED from [com.journeyapps:zxing-android-embedded:3.3.0] AndroidManifest.xml:48:13-45
	android:stateNotNeeded
		ADDED from [com.journeyapps:zxing-android-embedded:3.3.0] AndroidManifest.xml:50:13-42
	android:windowSoftInputMode
		ADDED from [com.journeyapps:zxing-android-embedded:3.3.0] AndroidManifest.xml:52:13-60
	android:theme
		ADDED from [com.journeyapps:zxing-android-embedded:3.3.0] AndroidManifest.xml:51:13-54
	android:name
		ADDED from [com.journeyapps:zxing-android-embedded:3.3.0] AndroidManifest.xml:47:13-74
activity#com.facebook.CustomTabMainActivity
ADDED from [com.facebook.android:facebook-android-sdk:4.25.0] AndroidManifest.xml:33:9-71
	android:name
		ADDED from [com.facebook.android:facebook-android-sdk:4.25.0] AndroidManifest.xml:33:19-68
provider#com.facebook.internal.FacebookInitProvider
ADDED from [com.facebook.android:facebook-android-sdk:4.25.0] AndroidManifest.xml:44:9-47:40
	android:authorities
		ADDED from [com.facebook.android:facebook-android-sdk:4.25.0] AndroidManifest.xml:46:13-72
	android:exported
		ADDED from [com.facebook.android:facebook-android-sdk:4.25.0] AndroidManifest.xml:47:13-37
	android:name
		ADDED from [com.facebook.android:facebook-android-sdk:4.25.0] AndroidManifest.xml:45:13-70
queries
ADDED from [com.android.billingclient:billing:5.2.1] AndroidManifest.xml:16:5-20:15
intent
ADDED from [com.android.billingclient:billing:5.2.1] AndroidManifest.xml:17:9-19:18
action#com.android.vending.billing.InAppBillingService.BIND
ADDED from [com.android.billingclient:billing:5.2.1] AndroidManifest.xml:18:13-91
	android:name
		ADDED from [com.android.billingclient:billing:5.2.1] AndroidManifest.xml:18:21-88
meta-data#com.google.android.play.billingclient.version
ADDED from [com.android.billingclient:billing:5.2.1] AndroidManifest.xml:23:9-25:37
	android:value
		ADDED from [com.android.billingclient:billing:5.2.1] AndroidManifest.xml:25:13-34
	android:name
		ADDED from [com.android.billingclient:billing:5.2.1] AndroidManifest.xml:24:13-73
activity#com.android.billingclient.api.ProxyBillingActivity
ADDED from [com.android.billingclient:billing:5.2.1] AndroidManifest.xml:27:9-31:75
	android:exported
		ADDED from [com.android.billingclient:billing:5.2.1] AndroidManifest.xml:30:13-37
	android:configChanges
		ADDED from [com.android.billingclient:billing:5.2.1] AndroidManifest.xml:29:13-96
	android:theme
		ADDED from [com.android.billingclient:billing:5.2.1] AndroidManifest.xml:31:13-72
	android:name
		ADDED from [com.android.billingclient:billing:5.2.1] AndroidManifest.xml:28:13-78